<?xml version="1.0" encoding="UTF-8"?>
<testsuite xmlns:xsi="http://www.w3.org/2001/XMLSchema-instance" xsi:noNamespaceSchemaLocation="https://maven.apache.org/surefire/maven-surefire-plugin/xsd/surefire-test-report.xsd" name="monprojet.dao.CountryRepositoryTest" time="12.168" tests="4" errors="2" skipped="0" failures="0">
  <properties>
    <property name="java.specification.version" value="17"/>
    <property name="sun.cpu.isalist" value="amd64"/>
    <property name="sun.jnu.encoding" value="Cp1252"/>
    <property name="java.class.path" value="D:\isis\TECHNOLOGIE_WEB\tweb_Bastide\TP1_JPA\Ikhlass\cours-spring-jpa\target\test-classes;D:\isis\TECHNOLOGIE_WEB\tweb_Bastide\TP1_JPA\Ikhlass\cours-spring-jpa\target\classes;C:\Users\hikhl\.m2\repository\org\springframework\boot\spring-boot-starter-data-jpa\2.6.2\spring-boot-starter-data-jpa-2.6.2.jar;C:\Users\hikhl\.m2\repository\org\springframework\boot\spring-boot-starter-aop\2.6.2\spring-boot-starter-aop-2.6.2.jar;C:\Users\hikhl\.m2\repository\org\springframework\spring-aop\5.3.14\spring-aop-5.3.14.jar;C:\Users\hikhl\.m2\repository\org\aspectj\aspectjweaver\1.9.7\aspectjweaver-1.9.7.jar;C:\Users\hikhl\.m2\repository\org\springframework\boot\spring-boot-starter-jdbc\2.6.2\spring-boot-starter-jdbc-2.6.2.jar;C:\Users\hikhl\.m2\repository\com\zaxxer\HikariCP\4.0.3\HikariCP-4.0.3.jar;C:\Users\hikhl\.m2\repository\org\springframework\spring-jdbc\5.3.14\spring-jdbc-5.3.14.jar;C:\Users\hikhl\.m2\repository\jakarta\transaction\jakarta.transaction-api\1.3.3\jakarta.transaction-api-1.3.3.jar;C:\Users\hikhl\.m2\repository\jakarta\persistence\jakarta.persistence-api\2.2.3\jakarta.persistence-api-2.2.3.jar;C:\Users\hikhl\.m2\repository\org\hibernate\hibernate-core\5.6.3.Final\hibernate-core-5.6.3.Final.jar;C:\Users\hikhl\.m2\repository\org\jboss\logging\jboss-logging\3.4.2.Final\jboss-logging-3.4.2.Final.jar;C:\Users\hikhl\.m2\repository\net\bytebuddy\byte-buddy\1.11.22\byte-buddy-1.11.22.jar;C:\Users\hikhl\.m2\repository\antlr\antlr\2.7.7\antlr-2.7.7.jar;C:\Users\hikhl\.m2\repository\org\jboss\jandex\2.2.3.Final\jandex-2.2.3.Final.jar;C:\Users\hikhl\.m2\repository\com\fasterxml\classmate\1.5.1\classmate-1.5.1.jar;C:\Users\hikhl\.m2\repository\org\hibernate\common\hibernate-commons-annotations\5.1.2.Final\hibernate-commons-annotations-5.1.2.Final.jar;C:\Users\hikhl\.m2\repository\org\glassfish\jaxb\jaxb-runtime\2.3.5\jaxb-runtime-2.3.5.jar;C:\Users\hikhl\.m2\repository\org\glassfish\jaxb\txw2\2.3.5\txw2-2.3.5.jar;C:\Users\hikhl\.m2\repository\com\sun\istack\istack-commons-runtime\3.0.12\istack-commons-runtime-3.0.12.jar;C:\Users\hikhl\.m2\repository\com\sun\activation\jakarta.activation\1.2.2\jakarta.activation-1.2.2.jar;C:\Users\hikhl\.m2\repository\org\springframework\data\spring-data-jpa\2.6.0\spring-data-jpa-2.6.0.jar;C:\Users\hikhl\.m2\repository\org\springframework\data\spring-data-commons\2.6.0\spring-data-commons-2.6.0.jar;C:\Users\hikhl\.m2\repository\org\springframework\spring-orm\5.3.14\spring-orm-5.3.14.jar;C:\Users\hikhl\.m2\repository\org\springframework\spring-context\5.3.14\spring-context-5.3.14.jar;C:\Users\hikhl\.m2\repository\org\springframework\spring-tx\5.3.14\spring-tx-5.3.14.jar;C:\Users\hikhl\.m2\repository\org\springframework\spring-beans\5.3.14\spring-beans-5.3.14.jar;C:\Users\hikhl\.m2\repository\org\slf4j\slf4j-api\1.7.32\slf4j-api-1.7.32.jar;C:\Users\hikhl\.m2\repository\org\springframework\spring-aspects\5.3.14\spring-aspects-5.3.14.jar;C:\Users\hikhl\.m2\repository\org\springframework\boot\spring-boot-starter-web\2.6.2\spring-boot-starter-web-2.6.2.jar;C:\Users\hikhl\.m2\repository\org\springframework\boot\spring-boot-starter\2.6.2\spring-boot-starter-2.6.2.jar;C:\Users\hikhl\.m2\repository\org\springframework\boot\spring-boot-starter-logging\2.6.2\spring-boot-starter-logging-2.6.2.jar;C:\Users\hikhl\.m2\repository\ch\qos\logback\logback-classic\1.2.9\logback-classic-1.2.9.jar;C:\Users\hikhl\.m2\repository\ch\qos\logback\logback-core\1.2.9\logback-core-1.2.9.jar;C:\Users\hikhl\.m2\repository\org\apache\logging\log4j\log4j-to-slf4j\2.17.0\log4j-to-slf4j-2.17.0.jar;C:\Users\hikhl\.m2\repository\org\apache\logging\log4j\log4j-api\2.17.0\log4j-api-2.17.0.jar;C:\Users\hikhl\.m2\repository\org\slf4j\jul-to-slf4j\1.7.32\jul-to-slf4j-1.7.32.jar;C:\Users\hikhl\.m2\repository\jakarta\annotation\jakarta.annotation-api\1.3.5\jakarta.annotation-api-1.3.5.jar;C:\Users\hikhl\.m2\repository\org\yaml\snakeyaml\1.29\snakeyaml-1.29.jar;C:\Users\hikhl\.m2\repository\org\springframework\boot\spring-boot-starter-json\2.6.2\spring-boot-starter-json-2.6.2.jar;C:\Users\hikhl\.m2\repository\com\fasterxml\jackson\core\jackson-databind\2.13.1\jackson-databind-2.13.1.jar;C:\Users\hikhl\.m2\repository\com\fasterxml\jackson\core\jackson-annotations\2.13.1\jackson-annotations-2.13.1.jar;C:\Users\hikhl\.m2\repository\com\fasterxml\jackson\core\jackson-core\2.13.1\jackson-core-2.13.1.jar;C:\Users\hikhl\.m2\repository\com\fasterxml\jackson\datatype\jackson-datatype-jdk8\2.13.1\jackson-datatype-jdk8-2.13.1.jar;C:\Users\hikhl\.m2\repository\com\fasterxml\jackson\datatype\jackson-datatype-jsr310\2.13.1\jackson-datatype-jsr310-2.13.1.jar;C:\Users\hikhl\.m2\repository\com\fasterxml\jackson\module\jackson-module-parameter-names\2.13.1\jackson-module-parameter-names-2.13.1.jar;C:\Users\hikhl\.m2\repository\org\springframework\boot\spring-boot-starter-tomcat\2.6.2\spring-boot-starter-tomcat-2.6.2.jar;C:\Users\hikhl\.m2\repository\org\apache\tomcat\embed\tomcat-embed-core\9.0.56\tomcat-embed-core-9.0.56.jar;C:\Users\hikhl\.m2\repository\org\apache\tomcat\embed\tomcat-embed-el\9.0.56\tomcat-embed-el-9.0.56.jar;C:\Users\hikhl\.m2\repository\org\apache\tomcat\embed\tomcat-embed-websocket\9.0.56\tomcat-embed-websocket-9.0.56.jar;C:\Users\hikhl\.m2\repository\org\springframework\spring-web\5.3.14\spring-web-5.3.14.jar;C:\Users\hikhl\.m2\repository\org\springframework\spring-webmvc\5.3.14\spring-webmvc-5.3.14.jar;C:\Users\hikhl\.m2\repository\org\springframework\spring-expression\5.3.14\spring-expression-5.3.14.jar;C:\Users\hikhl\.m2\repository\org\springframework\boot\spring-boot-devtools\2.6.2\spring-boot-devtools-2.6.2.jar;C:\Users\hikhl\.m2\repository\org\springframework\boot\spring-boot\2.6.2\spring-boot-2.6.2.jar;C:\Users\hikhl\.m2\repository\org\springframework\boot\spring-boot-autoconfigure\2.6.2\spring-boot-autoconfigure-2.6.2.jar;C:\Users\hikhl\.m2\repository\com\h2database\h2\1.4.200\h2-1.4.200.jar;C:\Users\hikhl\.m2\repository\org\projectlombok\lombok\1.18.22\lombok-1.18.22.jar;C:\Users\hikhl\.m2\repository\org\springframework\boot\spring-boot-starter-test\2.6.2\spring-boot-starter-test-2.6.2.jar;C:\Users\hikhl\.m2\repository\org\springframework\boot\spring-boot-test\2.6.2\spring-boot-test-2.6.2.jar;C:\Users\hikhl\.m2\repository\org\springframework\boot\spring-boot-test-autoconfigure\2.6.2\spring-boot-test-autoconfigure-2.6.2.jar;C:\Users\hikhl\.m2\repository\com\jayway\jsonpath\json-path\2.6.0\json-path-2.6.0.jar;C:\Users\hikhl\.m2\repository\net\minidev\json-smart\2.4.7\json-smart-2.4.7.jar;C:\Users\hikhl\.m2\repository\net\minidev\accessors-smart\2.4.7\accessors-smart-2.4.7.jar;C:\Users\hikhl\.m2\repository\org\ow2\asm\asm\9.1\asm-9.1.jar;C:\Users\hikhl\.m2\repository\jakarta\xml\bind\jakarta.xml.bind-api\2.3.3\jakarta.xml.bind-api-2.3.3.jar;C:\Users\hikhl\.m2\repository\jakarta\activation\jakarta.activation-api\1.2.2\jakarta.activation-api-1.2.2.jar;C:\Users\hikhl\.m2\repository\org\assertj\assertj-core\3.21.0\assertj-core-3.21.0.jar;C:\Users\hikhl\.m2\repository\org\hamcrest\hamcrest\2.2\hamcrest-2.2.jar;C:\Users\hikhl\.m2\repository\org\junit\jupiter\junit-jupiter\5.8.2\junit-jupiter-5.8.2.jar;C:\Users\hikhl\.m2\repository\org\junit\jupiter\junit-jupiter-api\5.8.2\junit-jupiter-api-5.8.2.jar;C:\Users\hikhl\.m2\repository\org\opentest4j\opentest4j\1.2.0\opentest4j-1.2.0.jar;C:\Users\hikhl\.m2\repository\org\junit\platform\junit-platform-commons\1.8.2\junit-platform-commons-1.8.2.jar;C:\Users\hikhl\.m2\repository\org\apiguardian\apiguardian-api\1.1.2\apiguardian-api-1.1.2.jar;C:\Users\hikhl\.m2\repository\org\junit\jupiter\junit-jupiter-params\5.8.2\junit-jupiter-params-5.8.2.jar;C:\Users\hikhl\.m2\repository\org\junit\jupiter\junit-jupiter-engine\5.8.2\junit-jupiter-engine-5.8.2.jar;C:\Users\hikhl\.m2\repository\org\junit\platform\junit-platform-engine\1.8.2\junit-platform-engine-1.8.2.jar;C:\Users\hikhl\.m2\repository\org\mockito\mockito-core\4.0.0\mockito-core-4.0.0.jar;C:\Users\hikhl\.m2\repository\net\bytebuddy\byte-buddy-agent\1.11.22\byte-buddy-agent-1.11.22.jar;C:\Users\hikhl\.m2\repository\org\objenesis\objenesis\3.2\objenesis-3.2.jar;C:\Users\hikhl\.m2\repository\org\mockito\mockito-junit-jupiter\4.0.0\mockito-junit-jupiter-4.0.0.jar;C:\Users\hikhl\.m2\repository\org\skyscreamer\jsonassert\1.5.0\jsonassert-1.5.0.jar;C:\Users\hikhl\.m2\repository\com\vaadin\external\google\android-json\0.0.20131108.vaadin1\android-json-0.0.20131108.vaadin1.jar;C:\Users\hikhl\.m2\repository\org\springframework\spring-core\5.3.14\spring-core-5.3.14.jar;C:\Users\hikhl\.m2\repository\org\springframework\spring-jcl\5.3.14\spring-jcl-5.3.14.jar;C:\Users\hikhl\.m2\repository\org\springframework\spring-test\5.3.14\spring-test-5.3.14.jar;C:\Users\hikhl\.m2\repository\org\xmlunit\xmlunit-core\2.8.4\xmlunit-core-2.8.4.jar;"/>
    <property name="java.vm.vendor" value="Oracle Corporation"/>
    <property name="sun.arch.data.model" value="64"/>
    <property name="user.variant" value=""/>
    <property name="java.vendor.url" value="https://java.oracle.com/"/>
    <property name="user.timezone" value="Europe/Paris"/>
    <property name="os.name" value="Windows 10"/>
    <property name="java.vm.specification.version" value="17"/>
    <property name="sun.java.launcher" value="SUN_STANDARD"/>
    <property name="user.country" value="FR"/>
    <property name="sun.boot.library.path" value="C:\Program Files\Java\jdk-17.0.2\bin"/>
    <property name="sun.java.command" value="C:\Users\hikhl\AppData\Local\Temp\surefire4485879871645089428\surefirebooter315632406606921885.jar C:\Users\hikhl\AppData\Local\Temp\surefire4485879871645089428 2022-02-03T17-58-55_106-jvmRun1 surefire11751013041283856557tmp surefire_0610296507262967311tmp"/>
    <property name="jdk.debug" value="release"/>
    <property name="surefire.test.class.path" value="D:\isis\TECHNOLOGIE_WEB\tweb_Bastide\TP1_JPA\Ikhlass\cours-spring-jpa\target\test-classes;D:\isis\TECHNOLOGIE_WEB\tweb_Bastide\TP1_JPA\Ikhlass\cours-spring-jpa\target\classes;C:\Users\hikhl\.m2\repository\org\springframework\boot\spring-boot-starter-data-jpa\2.6.2\spring-boot-starter-data-jpa-2.6.2.jar;C:\Users\hikhl\.m2\repository\org\springframework\boot\spring-boot-starter-aop\2.6.2\spring-boot-starter-aop-2.6.2.jar;C:\Users\hikhl\.m2\repository\org\springframework\spring-aop\5.3.14\spring-aop-5.3.14.jar;C:\Users\hikhl\.m2\repository\org\aspectj\aspectjweaver\1.9.7\aspectjweaver-1.9.7.jar;C:\Users\hikhl\.m2\repository\org\springframework\boot\spring-boot-starter-jdbc\2.6.2\spring-boot-starter-jdbc-2.6.2.jar;C:\Users\hikhl\.m2\repository\com\zaxxer\HikariCP\4.0.3\HikariCP-4.0.3.jar;C:\Users\hikhl\.m2\repository\org\springframework\spring-jdbc\5.3.14\spring-jdbc-5.3.14.jar;C:\Users\hikhl\.m2\repository\jakarta\transaction\jakarta.transaction-api\1.3.3\jakarta.transaction-api-1.3.3.jar;C:\Users\hikhl\.m2\repository\jakarta\persistence\jakarta.persistence-api\2.2.3\jakarta.persistence-api-2.2.3.jar;C:\Users\hikhl\.m2\repository\org\hibernate\hibernate-core\5.6.3.Final\hibernate-core-5.6.3.Final.jar;C:\Users\hikhl\.m2\repository\org\jboss\logging\jboss-logging\3.4.2.Final\jboss-logging-3.4.2.Final.jar;C:\Users\hikhl\.m2\repository\net\bytebuddy\byte-buddy\1.11.22\byte-buddy-1.11.22.jar;C:\Users\hikhl\.m2\repository\antlr\antlr\2.7.7\antlr-2.7.7.jar;C:\Users\hikhl\.m2\repository\org\jboss\jandex\2.2.3.Final\jandex-2.2.3.Final.jar;C:\Users\hikhl\.m2\repository\com\fasterxml\classmate\1.5.1\classmate-1.5.1.jar;C:\Users\hikhl\.m2\repository\org\hibernate\common\hibernate-commons-annotations\5.1.2.Final\hibernate-commons-annotations-5.1.2.Final.jar;C:\Users\hikhl\.m2\repository\org\glassfish\jaxb\jaxb-runtime\2.3.5\jaxb-runtime-2.3.5.jar;C:\Users\hikhl\.m2\repository\org\glassfish\jaxb\txw2\2.3.5\txw2-2.3.5.jar;C:\Users\hikhl\.m2\repository\com\sun\istack\istack-commons-runtime\3.0.12\istack-commons-runtime-3.0.12.jar;C:\Users\hikhl\.m2\repository\com\sun\activation\jakarta.activation\1.2.2\jakarta.activation-1.2.2.jar;C:\Users\hikhl\.m2\repository\org\springframework\data\spring-data-jpa\2.6.0\spring-data-jpa-2.6.0.jar;C:\Users\hikhl\.m2\repository\org\springframework\data\spring-data-commons\2.6.0\spring-data-commons-2.6.0.jar;C:\Users\hikhl\.m2\repository\org\springframework\spring-orm\5.3.14\spring-orm-5.3.14.jar;C:\Users\hikhl\.m2\repository\org\springframework\spring-context\5.3.14\spring-context-5.3.14.jar;C:\Users\hikhl\.m2\repository\org\springframework\spring-tx\5.3.14\spring-tx-5.3.14.jar;C:\Users\hikhl\.m2\repository\org\springframework\spring-beans\5.3.14\spring-beans-5.3.14.jar;C:\Users\hikhl\.m2\repository\org\slf4j\slf4j-api\1.7.32\slf4j-api-1.7.32.jar;C:\Users\hikhl\.m2\repository\org\springframework\spring-aspects\5.3.14\spring-aspects-5.3.14.jar;C:\Users\hikhl\.m2\repository\org\springframework\boot\spring-boot-starter-web\2.6.2\spring-boot-starter-web-2.6.2.jar;C:\Users\hikhl\.m2\repository\org\springframework\boot\spring-boot-starter\2.6.2\spring-boot-starter-2.6.2.jar;C:\Users\hikhl\.m2\repository\org\springframework\boot\spring-boot-starter-logging\2.6.2\spring-boot-starter-logging-2.6.2.jar;C:\Users\hikhl\.m2\repository\ch\qos\logback\logback-classic\1.2.9\logback-classic-1.2.9.jar;C:\Users\hikhl\.m2\repository\ch\qos\logback\logback-core\1.2.9\logback-core-1.2.9.jar;C:\Users\hikhl\.m2\repository\org\apache\logging\log4j\log4j-to-slf4j\2.17.0\log4j-to-slf4j-2.17.0.jar;C:\Users\hikhl\.m2\repository\org\apache\logging\log4j\log4j-api\2.17.0\log4j-api-2.17.0.jar;C:\Users\hikhl\.m2\repository\org\slf4j\jul-to-slf4j\1.7.32\jul-to-slf4j-1.7.32.jar;C:\Users\hikhl\.m2\repository\jakarta\annotation\jakarta.annotation-api\1.3.5\jakarta.annotation-api-1.3.5.jar;C:\Users\hikhl\.m2\repository\org\yaml\snakeyaml\1.29\snakeyaml-1.29.jar;C:\Users\hikhl\.m2\repository\org\springframework\boot\spring-boot-starter-json\2.6.2\spring-boot-starter-json-2.6.2.jar;C:\Users\hikhl\.m2\repository\com\fasterxml\jackson\core\jackson-databind\2.13.1\jackson-databind-2.13.1.jar;C:\Users\hikhl\.m2\repository\com\fasterxml\jackson\core\jackson-annotations\2.13.1\jackson-annotations-2.13.1.jar;C:\Users\hikhl\.m2\repository\com\fasterxml\jackson\core\jackson-core\2.13.1\jackson-core-2.13.1.jar;C:\Users\hikhl\.m2\repository\com\fasterxml\jackson\datatype\jackson-datatype-jdk8\2.13.1\jackson-datatype-jdk8-2.13.1.jar;C:\Users\hikhl\.m2\repository\com\fasterxml\jackson\datatype\jackson-datatype-jsr310\2.13.1\jackson-datatype-jsr310-2.13.1.jar;C:\Users\hikhl\.m2\repository\com\fasterxml\jackson\module\jackson-module-parameter-names\2.13.1\jackson-module-parameter-names-2.13.1.jar;C:\Users\hikhl\.m2\repository\org\springframework\boot\spring-boot-starter-tomcat\2.6.2\spring-boot-starter-tomcat-2.6.2.jar;C:\Users\hikhl\.m2\repository\org\apache\tomcat\embed\tomcat-embed-core\9.0.56\tomcat-embed-core-9.0.56.jar;C:\Users\hikhl\.m2\repository\org\apache\tomcat\embed\tomcat-embed-el\9.0.56\tomcat-embed-el-9.0.56.jar;C:\Users\hikhl\.m2\repository\org\apache\tomcat\embed\tomcat-embed-websocket\9.0.56\tomcat-embed-websocket-9.0.56.jar;C:\Users\hikhl\.m2\repository\org\springframework\spring-web\5.3.14\spring-web-5.3.14.jar;C:\Users\hikhl\.m2\repository\org\springframework\spring-webmvc\5.3.14\spring-webmvc-5.3.14.jar;C:\Users\hikhl\.m2\repository\org\springframework\spring-expression\5.3.14\spring-expression-5.3.14.jar;C:\Users\hikhl\.m2\repository\org\springframework\boot\spring-boot-devtools\2.6.2\spring-boot-devtools-2.6.2.jar;C:\Users\hikhl\.m2\repository\org\springframework\boot\spring-boot\2.6.2\spring-boot-2.6.2.jar;C:\Users\hikhl\.m2\repository\org\springframework\boot\spring-boot-autoconfigure\2.6.2\spring-boot-autoconfigure-2.6.2.jar;C:\Users\hikhl\.m2\repository\com\h2database\h2\1.4.200\h2-1.4.200.jar;C:\Users\hikhl\.m2\repository\org\projectlombok\lombok\1.18.22\lombok-1.18.22.jar;C:\Users\hikhl\.m2\repository\org\springframework\boot\spring-boot-starter-test\2.6.2\spring-boot-starter-test-2.6.2.jar;C:\Users\hikhl\.m2\repository\org\springframework\boot\spring-boot-test\2.6.2\spring-boot-test-2.6.2.jar;C:\Users\hikhl\.m2\repository\org\springframework\boot\spring-boot-test-autoconfigure\2.6.2\spring-boot-test-autoconfigure-2.6.2.jar;C:\Users\hikhl\.m2\repository\com\jayway\jsonpath\json-path\2.6.0\json-path-2.6.0.jar;C:\Users\hikhl\.m2\repository\net\minidev\json-smart\2.4.7\json-smart-2.4.7.jar;C:\Users\hikhl\.m2\repository\net\minidev\accessors-smart\2.4.7\accessors-smart-2.4.7.jar;C:\Users\hikhl\.m2\repository\org\ow2\asm\asm\9.1\asm-9.1.jar;C:\Users\hikhl\.m2\repository\jakarta\xml\bind\jakarta.xml.bind-api\2.3.3\jakarta.xml.bind-api-2.3.3.jar;C:\Users\hikhl\.m2\repository\jakarta\activation\jakarta.activation-api\1.2.2\jakarta.activation-api-1.2.2.jar;C:\Users\hikhl\.m2\repository\org\assertj\assertj-core\3.21.0\assertj-core-3.21.0.jar;C:\Users\hikhl\.m2\repository\org\hamcrest\hamcrest\2.2\hamcrest-2.2.jar;C:\Users\hikhl\.m2\repository\org\junit\jupiter\junit-jupiter\5.8.2\junit-jupiter-5.8.2.jar;C:\Users\hikhl\.m2\repository\org\junit\jupiter\junit-jupiter-api\5.8.2\junit-jupiter-api-5.8.2.jar;C:\Users\hikhl\.m2\repository\org\opentest4j\opentest4j\1.2.0\opentest4j-1.2.0.jar;C:\Users\hikhl\.m2\repository\org\junit\platform\junit-platform-commons\1.8.2\junit-platform-commons-1.8.2.jar;C:\Users\hikhl\.m2\repository\org\apiguardian\apiguardian-api\1.1.2\apiguardian-api-1.1.2.jar;C:\Users\hikhl\.m2\repository\org\junit\jupiter\junit-jupiter-params\5.8.2\junit-jupiter-params-5.8.2.jar;C:\Users\hikhl\.m2\repository\org\junit\jupiter\junit-jupiter-engine\5.8.2\junit-jupiter-engine-5.8.2.jar;C:\Users\hikhl\.m2\repository\org\junit\platform\junit-platform-engine\1.8.2\junit-platform-engine-1.8.2.jar;C:\Users\hikhl\.m2\repository\org\mockito\mockito-core\4.0.0\mockito-core-4.0.0.jar;C:\Users\hikhl\.m2\repository\net\bytebuddy\byte-buddy-agent\1.11.22\byte-buddy-agent-1.11.22.jar;C:\Users\hikhl\.m2\repository\org\objenesis\objenesis\3.2\objenesis-3.2.jar;C:\Users\hikhl\.m2\repository\org\mockito\mockito-junit-jupiter\4.0.0\mockito-junit-jupiter-4.0.0.jar;C:\Users\hikhl\.m2\repository\org\skyscreamer\jsonassert\1.5.0\jsonassert-1.5.0.jar;C:\Users\hikhl\.m2\repository\com\vaadin\external\google\android-json\0.0.20131108.vaadin1\android-json-0.0.20131108.vaadin1.jar;C:\Users\hikhl\.m2\repository\org\springframework\spring-core\5.3.14\spring-core-5.3.14.jar;C:\Users\hikhl\.m2\repository\org\springframework\spring-jcl\5.3.14\spring-jcl-5.3.14.jar;C:\Users\hikhl\.m2\repository\org\springframework\spring-test\5.3.14\spring-test-5.3.14.jar;C:\Users\hikhl\.m2\repository\org\xmlunit\xmlunit-core\2.8.4\xmlunit-core-2.8.4.jar;"/>
    <property name="sun.cpu.endian" value="little"/>
    <property name="user.home" value="C:\Users\hikhl"/>
    <property name="user.language" value="fr"/>
    <property name="java.specification.vendor" value="Oracle Corporation"/>
    <property name="java.version.date" value="2022-01-18"/>
    <property name="java.home" value="C:\Program Files\Java\jdk-17.0.2"/>
    <property name="file.separator" value="\"/>
    <property name="basedir" value="D:\isis\TECHNOLOGIE_WEB\tweb_Bastide\TP1_JPA\Ikhlass\cours-spring-jpa"/>
    <property name="java.vm.compressedOopsMode" value="32-bit"/>
    <property name="line.separator" value="&#10;"/>
    <property name="java.vm.specification.vendor" value="Oracle Corporation"/>
    <property name="java.specification.name" value="Java Platform API Specification"/>
    <property name="surefire.real.class.path" value="C:\Users\hikhl\AppData\Local\Temp\surefire4485879871645089428\surefirebooter315632406606921885.jar"/>
    <property name="user.script" value=""/>
    <property name="sun.management.compiler" value="HotSpot 64-Bit Tiered Compilers"/>
    <property name="java.runtime.version" value="17.0.2+8-LTS-86"/>
    <property name="user.name" value="hikhl"/>
    <property name="path.separator" value=";"/>
    <property name="os.version" value="10.0"/>
    <property name="java.runtime.name" value="Java(TM) SE Runtime Environment"/>
    <property name="file.encoding" value="Cp1252"/>
    <property name="java.vm.name" value="Java HotSpot(TM) 64-Bit Server VM"/>
    <property name="localRepository" value="C:\Users\hikhl\.m2\repository"/>
    <property name="java.vendor.url.bug" value="https://bugreport.java.com/bugreport/"/>
    <property name="java.io.tmpdir" value="C:\Users\hikhl\AppData\Local\Temp\"/>
    <property name="java.version" value="17.0.2"/>
    <property name="user.dir" value="D:\isis\TECHNOLOGIE_WEB\tweb_Bastide\TP1_JPA\Ikhlass\cours-spring-jpa"/>
    <property name="os.arch" value="amd64"/>
    <property name="java.vm.specification.name" value="Java Virtual Machine Specification"/>
    <property name="sun.os.patch.level" value=""/>
    <property name="native.encoding" value="Cp1252"/>
    <property name="java.library.path" value="C:\Program Files\Java\jdk-17.0.2\bin;C:\WINDOWS\Sun\Java\bin;C:\WINDOWS\system32;C:\WINDOWS;C:\Program Files\Common Files\Oracle\Java\javapath;C:\Program Files (x86)\Common Files\Oracle\Java\javapath;C:\Program Files\apache-maven-3.6.3\bin;C:\Windows\system32;C:\Users\hikhl\AppData\Local\Microsoft\WindowsApps;;C:\Users\hikhl\AppData\Local\Programs\Microsoft VS Code\bin;."/>
    <property name="java.vm.info" value="mixed mode, sharing"/>
    <property name="java.vendor" value="Oracle Corporation"/>
    <property name="java.vm.version" value="17.0.2+8-LTS-86"/>
    <property name="sun.io.unicode.encoding" value="UnicodeLittle"/>
    <property name="java.class.version" value="61.0"/>
  </properties>
  <testcase name="populationParPaysTest" classname="monprojet.dao.CountryRepositoryTest" time="0.543">
    <error message="could not prepare statement; SQL [SELECT SUM(POPULATION) FROM COUNTRY INNER JOIN CITY c ON c.COUNTRY = COUNTRY.id WHERE COUNTRY.id = ?]; nested exception is org.hibernate.exception.SQLGrammarException: could not prepare statement" type="org.springframework.dao.InvalidDataAccessResourceUsageException">org.springframework.dao.InvalidDataAccessResourceUsageException: could not prepare statement; SQL [SELECT SUM(POPULATION) FROM COUNTRY INNER JOIN CITY c ON c.COUNTRY = COUNTRY.id WHERE COUNTRY.id = ?]; nested exception is org.hibernate.exception.SQLGrammarException: could not prepare statement
	at monprojet.dao.CountryRepositoryTest.populationParPaysTest(CountryRepositoryTest.java:50)
Caused by: org.hibernate.exception.SQLGrammarException: could not prepare statement
	at monprojet.dao.CountryRepositoryTest.populationParPaysTest(CountryRepositoryTest.java:50)
Caused by: org.h2.jdbc.JdbcSQLSyntaxErrorException: 
Colonne "C.COUNTRY" non trouvée
Column "C.COUNTRY" not found; SQL statement:
SELECT SUM(POPULATION) FROM COUNTRY INNER JOIN CITY c ON c.COUNTRY = COUNTRY.id WHERE COUNTRY.id = ? [42122-200]
	at monprojet.dao.CountryRepositoryTest.populationParPaysTest(CountryRepositoryTest.java:50)
</error>
    <system-out><![CDATA[17:58:57.584 [main] DEBUG org.springframework.test.context.BootstrapUtils - Instantiating CacheAwareContextLoaderDelegate from class [org.springframework.test.context.cache.DefaultCacheAwareContextLoaderDelegate]
17:58:57.625 [main] DEBUG org.springframework.test.context.BootstrapUtils - Instantiating BootstrapContext using constructor [public org.springframework.test.context.support.DefaultBootstrapContext(java.lang.Class,org.springframework.test.context.CacheAwareContextLoaderDelegate)]
17:58:57.755 [main] DEBUG org.springframework.test.context.BootstrapUtils - Instantiating TestContextBootstrapper for test class [monprojet.dao.CountryRepositoryTest] from class [org.springframework.boot.test.autoconfigure.orm.jpa.DataJpaTestContextBootstrapper]
17:58:57.807 [main] INFO org.springframework.boot.test.autoconfigure.orm.jpa.DataJpaTestContextBootstrapper - Neither @ContextConfiguration nor @ContextHierarchy found for test class [monprojet.dao.CountryRepositoryTest], using SpringBootContextLoader
17:58:57.814 [main] DEBUG org.springframework.test.context.support.AbstractContextLoader - Did not detect default resource location for test class [monprojet.dao.CountryRepositoryTest]: class path resource [monprojet/dao/CountryRepositoryTest-context.xml] does not exist
17:58:57.815 [main] DEBUG org.springframework.test.context.support.AbstractContextLoader - Did not detect default resource location for test class [monprojet.dao.CountryRepositoryTest]: class path resource [monprojet/dao/CountryRepositoryTestContext.groovy] does not exist
17:58:57.815 [main] INFO org.springframework.test.context.support.AbstractContextLoader - Could not detect default resource locations for test class [monprojet.dao.CountryRepositoryTest]: no resource found for suffixes {-context.xml, Context.groovy}.
17:58:57.816 [main] INFO org.springframework.test.context.support.AnnotationConfigContextLoaderUtils - Could not detect default configuration classes for test class [monprojet.dao.CountryRepositoryTest]: CountryRepositoryTest does not declare any static, non-private, non-final, nested classes annotated with @Configuration.
17:58:58.006 [main] DEBUG org.springframework.test.context.support.ActiveProfilesUtils - Could not find an 'annotation declaring class' for annotation type [org.springframework.test.context.ActiveProfiles] and class [monprojet.dao.CountryRepositoryTest]
17:58:58.191 [main] DEBUG org.springframework.context.annotation.ClassPathScanningCandidateComponentProvider - Identified candidate component class: file [D:\isis\TECHNOLOGIE_WEB\tweb_Bastide\TP1_JPA\Ikhlass\cours-spring-jpa\target\classes\monprojet\WebApp.class]
17:58:58.194 [main] INFO org.springframework.boot.test.context.SpringBootTestContextBootstrapper - Found @SpringBootConfiguration monprojet.WebApp for test class monprojet.dao.CountryRepositoryTest
17:58:58.214 [main] DEBUG org.springframework.boot.test.autoconfigure.orm.jpa.DataJpaTestContextBootstrapper - @TestExecutionListeners is not present for class [monprojet.dao.CountryRepositoryTest]: using defaults.
17:58:58.215 [main] INFO org.springframework.boot.test.autoconfigure.orm.jpa.DataJpaTestContextBootstrapper - Loaded default TestExecutionListener class names from location [META-INF/spring.factories]: [org.springframework.boot.test.mock.mockito.MockitoTestExecutionListener, org.springframework.boot.test.mock.mockito.ResetMocksTestExecutionListener, org.springframework.boot.test.autoconfigure.restdocs.RestDocsTestExecutionListener, org.springframework.boot.test.autoconfigure.web.client.MockRestServiceServerResetTestExecutionListener, org.springframework.boot.test.autoconfigure.web.servlet.MockMvcPrintOnlyOnFailureTestExecutionListener, org.springframework.boot.test.autoconfigure.web.servlet.WebDriverTestExecutionListener, org.springframework.boot.test.autoconfigure.webservices.client.MockWebServiceServerTestExecutionListener, org.springframework.test.context.web.ServletTestExecutionListener, org.springframework.test.context.support.DirtiesContextBeforeModesTestExecutionListener, org.springframework.test.context.event.ApplicationEventsTestExecutionListener, org.springframework.test.context.support.DependencyInjectionTestExecutionListener, org.springframework.test.context.support.DirtiesContextTestExecutionListener, org.springframework.test.context.transaction.TransactionalTestExecutionListener, org.springframework.test.context.jdbc.SqlScriptsTestExecutionListener, org.springframework.test.context.event.EventPublishingTestExecutionListener]
17:58:58.286 [main] INFO org.springframework.boot.test.autoconfigure.orm.jpa.DataJpaTestContextBootstrapper - Using TestExecutionListeners: [org.springframework.test.context.web.ServletTestExecutionListener@5d99c6b5, org.springframework.test.context.support.DirtiesContextBeforeModesTestExecutionListener@266374ef, org.springframework.test.context.event.ApplicationEventsTestExecutionListener@13b3d178, org.springframework.boot.test.mock.mockito.MockitoTestExecutionListener@24c4ddae, org.springframework.boot.test.autoconfigure.SpringBootDependencyInjectionTestExecutionListener@37fb0bed, org.springframework.test.context.support.DirtiesContextTestExecutionListener@a82c5f1, org.springframework.test.context.transaction.TransactionalTestExecutionListener@7b7fdc8, org.springframework.test.context.jdbc.SqlScriptsTestExecutionListener@51c693d, org.springframework.test.context.event.EventPublishingTestExecutionListener@6a57ae10, org.springframework.boot.test.mock.mockito.ResetMocksTestExecutionListener@766653e6, org.springframework.boot.test.autoconfigure.restdocs.RestDocsTestExecutionListener@4e07b95f, org.springframework.boot.test.autoconfigure.web.client.MockRestServiceServerResetTestExecutionListener@28b46423, org.springframework.boot.test.autoconfigure.web.servlet.MockMvcPrintOnlyOnFailureTestExecutionListener@7fc4780b, org.springframework.boot.test.autoconfigure.web.servlet.WebDriverTestExecutionListener@3b79fd76, org.springframework.boot.test.autoconfigure.webservices.client.MockWebServiceServerTestExecutionListener@48c76607]
17:58:58.295 [main] DEBUG org.springframework.test.context.support.AbstractDirtiesContextTestExecutionListener - Before test class: context [DefaultTestContext@1e4d3ce5 testClass = CountryRepositoryTest, testInstance = [null], testMethod = [null], testException = [null], mergedContextConfiguration = [MergedContextConfiguration@3ddc6915 testClass = CountryRepositoryTest, locations = '{}', classes = '{class monprojet.WebApp}', contextInitializerClasses = '[]', activeProfiles = '{}', propertySourceLocations = '{}', propertySourceProperties = '{org.springframework.boot.test.autoconfigure.orm.jpa.DataJpaTestContextBootstrapper=true}', contextCustomizers = set[[ImportsContextCustomizer@704deff2 key = [org.springframework.boot.autoconfigure.cache.CacheAutoConfiguration, org.springframework.boot.autoconfigure.data.jpa.JpaRepositoriesAutoConfiguration, org.springframework.boot.autoconfigure.flyway.FlywayAutoConfiguration, org.springframework.boot.autoconfigure.jdbc.DataSourceAutoConfiguration, org.springframework.boot.autoconfigure.jdbc.DataSourceTransactionManagerAutoConfiguration, org.springframework.boot.autoconfigure.jdbc.JdbcTemplateAutoConfiguration, org.springframework.boot.autoconfigure.liquibase.LiquibaseAutoConfiguration, org.springframework.boot.autoconfigure.orm.jpa.HibernateJpaAutoConfiguration, org.springframework.boot.autoconfigure.sql.init.SqlInitializationAutoConfiguration, org.springframework.boot.autoconfigure.transaction.TransactionAutoConfiguration, org.springframework.boot.test.autoconfigure.jdbc.TestDatabaseAutoConfiguration, org.springframework.boot.test.autoconfigure.orm.jpa.TestEntityManagerAutoConfiguration]], org.springframework.boot.test.context.filter.ExcludeFilterContextCustomizer@1349883, org.springframework.boot.test.json.DuplicateJsonObjectContextCustomizerFactory$DuplicateJsonObjectContextCustomizer@28261e8e, org.springframework.boot.test.mock.mockito.MockitoContextCustomizer@0, org.springframework.boot.test.autoconfigure.OverrideAutoConfigurationContextCustomizerFactory$DisableAutoConfigurationContextCustomizer@5032714f, org.springframework.boot.test.autoconfigure.actuate.metrics.MetricsExportContextCustomizerFactory$DisableMetricExportContextCustomizer@402c4085, org.springframework.boot.test.autoconfigure.filter.TypeExcludeFiltersContextCustomizer@351584c0, org.springframework.boot.test.autoconfigure.properties.PropertyMappingContextCustomizer@e2716b7b, org.springframework.boot.test.autoconfigure.web.servlet.WebDriverContextCustomizerFactory$Customizer@533bda92, org.springframework.boot.test.context.SpringBootTestArgs@1, org.springframework.boot.test.context.SpringBootTestWebEnvironment@0], contextLoader = 'org.springframework.boot.test.context.SpringBootContextLoader', parent = [null]], attributes = map[[empty]]], class annotated with @DirtiesContext [false] with mode [null].
17:58:58.459 [main] DEBUG org.springframework.test.context.support.DependencyInjectionTestExecutionListener - Performing dependency injection for test context [[DefaultTestContext@1e4d3ce5 testClass = CountryRepositoryTest, testInstance = monprojet.dao.CountryRepositoryTest@31add175, testMethod = [null], testException = [null], mergedContextConfiguration = [MergedContextConfiguration@3ddc6915 testClass = CountryRepositoryTest, locations = '{}', classes = '{class monprojet.WebApp}', contextInitializerClasses = '[]', activeProfiles = '{}', propertySourceLocations = '{}', propertySourceProperties = '{org.springframework.boot.test.autoconfigure.orm.jpa.DataJpaTestContextBootstrapper=true}', contextCustomizers = set[[ImportsContextCustomizer@704deff2 key = [org.springframework.boot.autoconfigure.cache.CacheAutoConfiguration, org.springframework.boot.autoconfigure.data.jpa.JpaRepositoriesAutoConfiguration, org.springframework.boot.autoconfigure.flyway.FlywayAutoConfiguration, org.springframework.boot.autoconfigure.jdbc.DataSourceAutoConfiguration, org.springframework.boot.autoconfigure.jdbc.DataSourceTransactionManagerAutoConfiguration, org.springframework.boot.autoconfigure.jdbc.JdbcTemplateAutoConfiguration, org.springframework.boot.autoconfigure.liquibase.LiquibaseAutoConfiguration, org.springframework.boot.autoconfigure.orm.jpa.HibernateJpaAutoConfiguration, org.springframework.boot.autoconfigure.sql.init.SqlInitializationAutoConfiguration, org.springframework.boot.autoconfigure.transaction.TransactionAutoConfiguration, org.springframework.boot.test.autoconfigure.jdbc.TestDatabaseAutoConfiguration, org.springframework.boot.test.autoconfigure.orm.jpa.TestEntityManagerAutoConfiguration]], org.springframework.boot.test.context.filter.ExcludeFilterContextCustomizer@1349883, org.springframework.boot.test.json.DuplicateJsonObjectContextCustomizerFactory$DuplicateJsonObjectContextCustomizer@28261e8e, org.springframework.boot.test.mock.mockito.MockitoContextCustomizer@0, org.springframework.boot.test.autoconfigure.OverrideAutoConfigurationContextCustomizerFactory$DisableAutoConfigurationContextCustomizer@5032714f, org.springframework.boot.test.autoconfigure.actuate.metrics.MetricsExportContextCustomizerFactory$DisableMetricExportContextCustomizer@402c4085, org.springframework.boot.test.autoconfigure.filter.TypeExcludeFiltersContextCustomizer@351584c0, org.springframework.boot.test.autoconfigure.properties.PropertyMappingContextCustomizer@e2716b7b, org.springframework.boot.test.autoconfigure.web.servlet.WebDriverContextCustomizerFactory$Customizer@533bda92, org.springframework.boot.test.context.SpringBootTestArgs@1, org.springframework.boot.test.context.SpringBootTestWebEnvironment@0], contextLoader = 'org.springframework.boot.test.context.SpringBootContextLoader', parent = [null]], attributes = map['org.springframework.test.context.event.ApplicationEventsTestExecutionListener.recordApplicationEvents' -> false]]].
17:58:58.592 [main] DEBUG org.springframework.boot.ApplicationEnvironment - Activating profiles []
17:58:58.674 [main] DEBUG org.springframework.test.context.support.TestPropertySourceUtils - Adding inlined properties to environment: {spring.jmx.enabled=false, org.springframework.boot.test.autoconfigure.orm.jpa.DataJpaTestContextBootstrapper=true}

  .   ____          _            __ _ _
 /\\ / ___'_ __ _ _(_)_ __  __ _ \ \ \ \
( ( )\___ | '_ | '_| | '_ \/ _` | \ \ \ \
 \\/  ___)| |_)| | | | | || (_| |  ) ) ) )
  '  |____| .__|_| |_|_| |_\__, | / / / /
 =========|_|==============|___/=/_/_/_/
 :: Spring Boot ::                (v2.6.2)

INFO   m.d.CountryRepositoryTest - Starting CountryRepositoryTest using Java 17.0.2 on LAPTOP-0PS7EJDA with PID 16836 (started by hikhl in D:\isis\TECHNOLOGIE_WEB\tweb_Bastide\TP1_JPA\Ikhlass\cours-spring-jpa) 
INFO   m.d.CountryRepositoryTest - No active profile set, falling back to default profiles: default 
INFO   o.h.j.i.u.LogHelper - HHH000204: Processing PersistenceUnitInfo [name: default] 
INFO   o.h.Version - HHH000412: Hibernate ORM core version 5.6.3.Final 
INFO   o.h.a.c.Version - HCANN000001: Hibernate Commons Annotations {5.1.2.Final} 
INFO   o.h.d.Dialect - HHH000400: Using dialect: org.hibernate.dialect.H2Dialect 
DEBUG  o.hibernate.SQL - 
    
    drop table if exists city CASCADE  
Hibernate: 
    
    drop table if exists city CASCADE 
DEBUG  o.hibernate.SQL - 
    
    drop table if exists country CASCADE  
Hibernate: 
    
    drop table if exists country CASCADE 
DEBUG  o.hibernate.SQL - 
    
    create table city (
       id integer generated by default as identity,
        name varchar(255),
        population integer not null,
        country_id integer not null,
        primary key (id)
    ) 
Hibernate: 
    
    create table city (
       id integer generated by default as identity,
        name varchar(255),
        population integer not null,
        country_id integer not null,
        primary key (id)
    )
DEBUG  o.hibernate.SQL - 
    
    create table country (
       id integer generated by default as identity,
        code varchar(255),
        name varchar(255),
        primary key (id)
    ) 
Hibernate: 
    
    create table country (
       id integer generated by default as identity,
        code varchar(255),
        name varchar(255),
        primary key (id)
    )
DEBUG  o.hibernate.SQL - 
    
    alter table country 
       add constraint UK_5s4ptnuqtd24d4p9au2rv53qm unique (code) 
Hibernate: 
    
    alter table country 
       add constraint UK_5s4ptnuqtd24d4p9au2rv53qm unique (code)
DEBUG  o.hibernate.SQL - 
    
    alter table country 
       add constraint UK_llidyp77h6xkeokpbmoy710d4 unique (name) 
Hibernate: 
    
    alter table country 
       add constraint UK_llidyp77h6xkeokpbmoy710d4 unique (name)
DEBUG  o.hibernate.SQL - 
    
    alter table city 
       add constraint FKrpd7j1p7yxr784adkx4pyepba 
       foreign key (country_id) 
       references country 
Hibernate: 
    
    alter table city 
       add constraint FKrpd7j1p7yxr784adkx4pyepba 
       foreign key (country_id) 
       references country
INFO   o.h.e.t.j.p.i.JtaPlatformInitiator - HHH000490: Using JtaPlatform implementation: [org.hibernate.engine.transaction.jta.platform.internal.NoJtaPlatform] 
INFO   m.d.CountryRepositoryTest - Started CountryRepositoryTest in 8.724 seconds (JVM running for 11.479) 
DEBUG  o.hibernate.SQL - 
    SELECT
        SUM(POPULATION) 
    FROM
        COUNTRY 
    INNER JOIN
        CITY c 
            ON c.COUNTRY = COUNTRY.id 
    WHERE
        COUNTRY.id = ? 
Hibernate: 
    SELECT
        SUM(POPULATION) 
    FROM
        COUNTRY 
    INNER JOIN
        CITY c 
            ON c.COUNTRY = COUNTRY.id 
    WHERE
        COUNTRY.id = ?
WARN   o.h.e.j.s.SqlExceptionHelper - SQL Error: 42122, SQLState: 42S22 
ERROR  o.h.e.j.s.SqlExceptionHelper - Colonne "C.COUNTRY" non trouvée
Column "C.COUNTRY" not found; SQL statement:
SELECT SUM(POPULATION) FROM COUNTRY INNER JOIN CITY c ON c.COUNTRY = COUNTRY.id WHERE COUNTRY.id = ? [42122-200] 
]]></system-out>
  </testcase>
  <testcase name="lesNomsDePaysSontTousDifferents" classname="monprojet.dao.CountryRepositoryTest" time="0.404"/>
  <testcase name="ListNomPopulationParPaysTest" classname="monprojet.dao.CountryRepositoryTest" time="0.312">
    <error message="could not prepare statement; SQL [SELECT COUNTRY2.name, (SELECT SUM(CITY.population)FROM COUNTRY COUNTRY1 INNER JOIN CITY ON CITY.country = COUNTRY1.idWHERE COUNTRY1.id = COUNTRY2.id)FROM COUNTRY COUNTRY2ORDER BY COUNTRY2.name]; nested exception is org.hibernate.exception.SQLGrammarException: could not prepare statement" type="org.springframework.dao.InvalidDataAccessResourceUsageException">org.springframework.dao.InvalidDataAccessResourceUsageException: could not prepare statement; SQL [SELECT COUNTRY2.name, (SELECT SUM(CITY.population)FROM COUNTRY COUNTRY1 INNER JOIN CITY ON CITY.country = COUNTRY1.idWHERE COUNTRY1.id = COUNTRY2.id)FROM COUNTRY COUNTRY2ORDER BY COUNTRY2.name]; nested exception is org.hibernate.exception.SQLGrammarException: could not prepare statement
	at monprojet.dao.CountryRepositoryTest.ListNomPopulationParPaysTest(CountryRepositoryTest.java:55)
Caused by: org.hibernate.exception.SQLGrammarException: could not prepare statement
	at monprojet.dao.CountryRepositoryTest.ListNomPopulationParPaysTest(CountryRepositoryTest.java:55)
Caused by: org.h2.jdbc.JdbcSQLSyntaxErrorException: 
Erreur de syntaxe dans l'instruction SQL "SELECT COUNTRY2.NAME, (SELECT SUM(CITY.POPULATION)FROM COUNTRY COUNTRY1 INNER JOIN CITY ON CITY.COUNTRY = COUNTRY1.IDWHERE COUNTRY1[*].ID = COUNTRY2.ID)FROM COUNTRY COUNTRY2ORDER BY COUNTRY2.NAME"; attendu "(, ., [, ::, AT, FORMAT, *, /, %, +, -, ||, ~, !~, NOT, LIKE, ILIKE, REGEXP, IS, IN, BETWEEN, AND, OR, RIGHT, LEFT, INNER, JOIN, CROSS, NATURAL, ,, WHERE, GROUP, HAVING, WINDOW, QUALIFY, UNION, EXCEPT, MINUS, INTERSECT, ORDER, OFFSET, FETCH, LIMIT, SAMPLE_SIZE, FOR, [, ::, AT, FORMAT, *, /, %, +, -, ||, ~, !~, NOT, LIKE, ILIKE, REGEXP, IS, IN, BETWEEN, AND, OR, ,, )"
Syntax error in SQL statement "SELECT COUNTRY2.NAME, (SELECT SUM(CITY.POPULATION)FROM COUNTRY COUNTRY1 INNER JOIN CITY ON CITY.COUNTRY = COUNTRY1.IDWHERE COUNTRY1[*].ID = COUNTRY2.ID)FROM COUNTRY COUNTRY2ORDER BY COUNTRY2.NAME"; expected "(, ., [, ::, AT, FORMAT, *, /, %, +, -, ||, ~, !~, NOT, LIKE, ILIKE, REGEXP, IS, IN, BETWEEN, AND, OR, RIGHT, LEFT, INNER, JOIN, CROSS, NATURAL, ,, WHERE, GROUP, HAVING, WINDOW, QUALIFY, UNION, EXCEPT, MINUS, INTERSECT, ORDER, OFFSET, FETCH, LIMIT, SAMPLE_SIZE, FOR, [, ::, AT, FORMAT, *, /, %, +, -, ||, ~, !~, NOT, LIKE, ILIKE, REGEXP, IS, IN, BETWEEN, AND, OR, ,, )"; SQL statement:
SELECT COUNTRY2.name, (SELECT SUM(CITY.population)FROM COUNTRY COUNTRY1 INNER JOIN CITY ON CITY.country = COUNTRY1.idWHERE COUNTRY1.id = COUNTRY2.id)FROM COUNTRY COUNTRY2ORDER BY COUNTRY2.name [42001-200]
	at monprojet.dao.CountryRepositoryTest.ListNomPopulationParPaysTest(CountryRepositoryTest.java:55)
</error>
    <system-out><![CDATA[DEBUG  o.hibernate.SQL - 
    SELECT
        COUNTRY2.name,
        (SELECT
            SUM(CITY.population)
        FROM
            COUNTRY COUNTRY1 
        INNER JOIN
            CITY 
                ON CITY.country = COUNTRY1.idWHERE COUNTRY1.id = COUNTRY2.id)
    FROM
        COUNTRY COUNTRY2ORDER 
    BY
        COUNTRY2.name 
Hibernate: 
    SELECT
        COUNTRY2.name,
        (SELECT
            SUM(CITY.population)
        FROM
            COUNTRY COUNTRY1 
        INNER JOIN
            CITY 
                ON CITY.country = COUNTRY1.idWHERE COUNTRY1.id = COUNTRY2.id)
    FROM
        COUNTRY COUNTRY2ORDER 
    BY
        COUNTRY2.name
WARN   o.h.e.j.s.SqlExceptionHelper - SQL Error: 42001, SQLState: 42001 
ERROR  o.h.e.j.s.SqlExceptionHelper - Erreur de syntaxe dans l'instruction SQL "SELECT COUNTRY2.NAME, (SELECT SUM(CITY.POPULATION)FROM COUNTRY COUNTRY1 INNER JOIN CITY ON CITY.COUNTRY = COUNTRY1.IDWHERE COUNTRY1[*].ID = COUNTRY2.ID)FROM COUNTRY COUNTRY2ORDER BY COUNTRY2.NAME"; attendu "(, ., [, ::, AT, FORMAT, *, /, %, +, -, ||, ~, !~, NOT, LIKE, ILIKE, REGEXP, IS, IN, BETWEEN, AND, OR, RIGHT, LEFT, INNER, JOIN, CROSS, NATURAL, ,, WHERE, GROUP, HAVING, WINDOW, QUALIFY, UNION, EXCEPT, MINUS, INTERSECT, ORDER, OFFSET, FETCH, LIMIT, SAMPLE_SIZE, FOR, [, ::, AT, FORMAT, *, /, %, +, -, ||, ~, !~, NOT, LIKE, ILIKE, REGEXP, IS, IN, BETWEEN, AND, OR, ,, )"
Syntax error in SQL statement "SELECT COUNTRY2.NAME, (SELECT SUM(CITY.POPULATION)FROM COUNTRY COUNTRY1 INNER JOIN CITY ON CITY.COUNTRY = COUNTRY1.IDWHERE COUNTRY1[*].ID = COUNTRY2.ID)FROM COUNTRY COUNTRY2ORDER BY COUNTRY2.NAME"; expected "(, ., [, ::, AT, FORMAT, *, /, %, +, -, ||, ~, !~, NOT, LIKE, ILIKE, REGEXP, IS, IN, BETWEEN, AND, OR, RIGHT, LEFT, INNER, JOIN, CROSS, NATURAL, ,, WHERE, GROUP, HAVING, WINDOW, QUALIFY, UNION, EXCEPT, MINUS, INTERSECT, ORDER, OFFSET, FETCH, LIMIT, SAMPLE_SIZE, FOR, [, ::, AT, FORMAT, *, /, %, +, -, ||, ~, !~, NOT, LIKE, ILIKE, REGEXP, IS, IN, BETWEEN, AND, OR, ,, )"; SQL statement:
SELECT COUNTRY2.name, (SELECT SUM(CITY.population)FROM COUNTRY COUNTRY1 INNER JOIN CITY ON CITY.country = COUNTRY1.idWHERE COUNTRY1.id = COUNTRY2.id)FROM COUNTRY COUNTRY2ORDER BY COUNTRY2.name [42001-200] 
]]></system-out>
  </testcase>
  <testcase name="onSaitCompterLesEnregistrements" classname="monprojet.dao.CountryRepositoryTest" time="0.123"/>
</testsuite>